<?xml version="1.0" encoding="UTF-8" ?>
<testsuite failures="0" time="0.263" errors="0" skipped="0" tests="5" name="org.apache.synapse.xpath.query.objectmodeltest.SelectingQueryNodesTestCase">
  <properties>
[...]
</properties>
  <testcase time="0.146" classname="org.apache.synapse.xpath.query.objectmodeltest.SelectingQueryNodesTestCase" name="testPath"/>
  <testcase time="0.002" classname="org.apache.synapse.xpath.query.objectmodeltest.SelectingQueryNodesTestCase" name="testPathone"/>
  <testcase time="0.02" classname="org.apache.synapse.xpath.query.objectmodeltest.SelectingQueryNodesTestCase" name="testPathtwo"/>
  <testcase time="0.019" classname="org.apache.synapse.xpath.query.objectmodeltest.SelectingQueryNodesTestCase" name="testPaththree"/>
  <testcase time="0.011" classname="org.apache.synapse.xpath.query.objectmodeltest.SelectingQueryNodesTestCase" name="testPathfour"/>
</testsuite>